[0.675s] Invoking command in '/home/didine/Bureau/projet/robot_nano_hand_teleop': PYTHONPATH=/home/didine/Bureau/projet/robot_nano_hand_teleop/build/robot_nano_hand_teleop/prefix_override:/home/didine/Bureau/projet/robot_nano_hand_teleop/install/robot_nano_hand_teleop/lib/python3.10/site-packages:${PYTHONPATH} /usr/bin/python3 setup.py egg_info --egg-base build/robot_nano_hand_teleop build --build-base /home/didine/Bureau/projet/robot_nano_hand_teleop/build/robot_nano_hand_teleop/build install --record /home/didine/Bureau/projet/robot_nano_hand_teleop/build/robot_nano_hand_teleop/install.log --single-version-externally-managed
[0.908s] running egg_info
[0.908s] creating build/robot_nano_hand_teleop/robot_nano_hand_teleop.egg-info
[0.909s] writing build/robot_nano_hand_teleop/robot_nano_hand_teleop.egg-info/PKG-INFO
[0.909s] writing dependency_links to build/robot_nano_hand_teleop/robot_nano_hand_teleop.egg-info/dependency_links.txt
[0.909s] writing entry points to build/robot_nano_hand_teleop/robot_nano_hand_teleop.egg-info/entry_points.txt
[0.909s] writing requirements to build/robot_nano_hand_teleop/robot_nano_hand_teleop.egg-info/requires.txt
[0.909s] writing top-level names to build/robot_nano_hand_teleop/robot_nano_hand_teleop.egg-info/top_level.txt
[0.909s] writing manifest file 'build/robot_nano_hand_teleop/robot_nano_hand_teleop.egg-info/SOURCES.txt'
[0.911s] reading manifest file 'build/robot_nano_hand_teleop/robot_nano_hand_teleop.egg-info/SOURCES.txt'
[0.912s] writing manifest file 'build/robot_nano_hand_teleop/robot_nano_hand_teleop.egg-info/SOURCES.txt'
[0.912s] running build
[0.912s] running build_py
[0.912s] creating /home/didine/Bureau/projet/robot_nano_hand_teleop/build/robot_nano_hand_teleop/build
[0.912s] creating /home/didine/Bureau/projet/robot_nano_hand_teleop/build/robot_nano_hand_teleop/build/lib
[0.912s] creating /home/didine/Bureau/projet/robot_nano_hand_teleop/build/robot_nano_hand_teleop/build/lib/robot_nano_hand_teleop
[0.912s] copying robot_nano_hand_teleop/__init__.py -> /home/didine/Bureau/projet/robot_nano_hand_teleop/build/robot_nano_hand_teleop/build/lib/robot_nano_hand_teleop
[0.913s] running install
[0.913s] /usr/lib/python3/dist-packages/setuptools/command/install.py:34: SetuptoolsDeprecationWarning: setup.py install is deprecated. Use build and pip and other standards-based tools.
[0.913s]   warnings.warn(
[0.913s] running install_lib
[0.913s] creating /home/didine/Bureau/projet/robot_nano_hand_teleop/install/robot_nano_hand_teleop/lib/python3.10/site-packages/robot_nano_hand_teleop
[0.914s] copying /home/didine/Bureau/projet/robot_nano_hand_teleop/build/robot_nano_hand_teleop/build/lib/robot_nano_hand_teleop/__init__.py -> /home/didine/Bureau/projet/robot_nano_hand_teleop/install/robot_nano_hand_teleop/lib/python3.10/site-packages/robot_nano_hand_teleop
[0.915s] byte-compiling /home/didine/Bureau/projet/robot_nano_hand_teleop/install/robot_nano_hand_teleop/lib/python3.10/site-packages/robot_nano_hand_teleop/__init__.py to __init__.cpython-310.pyc
[0.915s] running install_data
[0.915s] creating /home/didine/Bureau/projet/robot_nano_hand_teleop/install/robot_nano_hand_teleop/share/ament_index
[0.916s] creating /home/didine/Bureau/projet/robot_nano_hand_teleop/install/robot_nano_hand_teleop/share/ament_index/resource_index
[0.916s] creating /home/didine/Bureau/projet/robot_nano_hand_teleop/install/robot_nano_hand_teleop/share/ament_index/resource_index/packages
[0.916s] copying resource/robot_nano_hand_teleop -> /home/didine/Bureau/projet/robot_nano_hand_teleop/install/robot_nano_hand_teleop/share/ament_index/resource_index/packages
[0.916s] copying package.xml -> /home/didine/Bureau/projet/robot_nano_hand_teleop/install/robot_nano_hand_teleop/share/robot_nano_hand_teleop
[0.916s] creating /home/didine/Bureau/projet/robot_nano_hand_teleop/install/robot_nano_hand_teleop/share/robot_nano_hand_teleop/launch
[0.916s] copying launch/robot-teleop.launch.py -> /home/didine/Bureau/projet/robot_nano_hand_teleop/install/robot_nano_hand_teleop/share/robot_nano_hand_teleop/launch
[0.916s] copying urdf/robot_nano_hand_teleop.urdf.xml -> /home/didine/Bureau/projet/robot_nano_hand_teleop/install/robot_nano_hand_teleop/share/robot_nano_hand_teleop
[0.916s] copying models/robot_nano_hand_palm.stl -> /home/didine/Bureau/projet/robot_nano_hand_teleop/install/robot_nano_hand_teleop/share/robot_nano_hand_teleop
[0.923s] copying models/robot_nano_hand_finger1_link1.stl -> /home/didine/Bureau/projet/robot_nano_hand_teleop/install/robot_nano_hand_teleop/share/robot_nano_hand_teleop
[0.923s] copying models/robot_nano_hand_finger1_link4.stl -> /home/didine/Bureau/projet/robot_nano_hand_teleop/install/robot_nano_hand_teleop/share/robot_nano_hand_teleop
[0.924s] copying models/robot_nano_hand_finger1_link3.stl -> /home/didine/Bureau/projet/robot_nano_hand_teleop/install/robot_nano_hand_teleop/share/robot_nano_hand_teleop
[0.924s] copying models/robot_nano_hand_finger1_link2.stl -> /home/didine/Bureau/projet/robot_nano_hand_teleop/install/robot_nano_hand_teleop/share/robot_nano_hand_teleop
[0.924s] copying models/robot_nano_hand_base.stl -> /home/didine/Bureau/projet/robot_nano_hand_teleop/install/robot_nano_hand_teleop/share/robot_nano_hand_teleop
[0.925s] running install_egg_info
[0.926s] Copying build/robot_nano_hand_teleop/robot_nano_hand_teleop.egg-info to /home/didine/Bureau/projet/robot_nano_hand_teleop/install/robot_nano_hand_teleop/lib/python3.10/site-packages/robot_nano_hand_teleop-0.0.0-py3.10.egg-info
[0.927s] running install_scripts
[0.952s] Installing state_publisher script to /home/didine/Bureau/projet/robot_nano_hand_teleop/install/robot_nano_hand_teleop/lib/robot_nano_hand_teleop
[0.952s] writing list of installed files to '/home/didine/Bureau/projet/robot_nano_hand_teleop/build/robot_nano_hand_teleop/install.log'
[1.002s] Invoked command in '/home/didine/Bureau/projet/robot_nano_hand_teleop' returned '0': PYTHONPATH=/home/didine/Bureau/projet/robot_nano_hand_teleop/build/robot_nano_hand_teleop/prefix_override:/home/didine/Bureau/projet/robot_nano_hand_teleop/install/robot_nano_hand_teleop/lib/python3.10/site-packages:${PYTHONPATH} /usr/bin/python3 setup.py egg_info --egg-base build/robot_nano_hand_teleop build --build-base /home/didine/Bureau/projet/robot_nano_hand_teleop/build/robot_nano_hand_teleop/build install --record /home/didine/Bureau/projet/robot_nano_hand_teleop/build/robot_nano_hand_teleop/install.log --single-version-externally-managed
