/home/didine/Bureau/projet/robot_nano_hand_teleop/install/robot_nano_hand_teleop/lib/python3.10/site-packages/robot_nano_hand_teleop/__init__.py
/home/didine/Bureau/projet/robot_nano_hand_teleop/install/robot_nano_hand_teleop/lib/python3.10/site-packages/robot_nano_hand_teleop/__pycache__/__init__.cpython-310.pyc
/home/didine/Bureau/projet/robot_nano_hand_teleop/install/robot_nano_hand_teleop/share/ament_index/resource_index/packages/robot_nano_hand_teleop
/home/didine/Bureau/projet/robot_nano_hand_teleop/install/robot_nano_hand_teleop/share/robot_nano_hand_teleop/package.xml
/home/didine/Bureau/projet/robot_nano_hand_teleop/install/robot_nano_hand_teleop/share/robot_nano_hand_teleop/launch/robot-teleop.launch.py
/home/didine/Bureau/projet/robot_nano_hand_teleop/install/robot_nano_hand_teleop/share/robot_nano_hand_teleop/robot_nano_hand_teleop.urdf.xml
/home/didine/Bureau/projet/robot_nano_hand_teleop/install/robot_nano_hand_teleop/share/robot_nano_hand_teleop/robot_nano_hand_palm.stl
/home/didine/Bureau/projet/robot_nano_hand_teleop/install/robot_nano_hand_teleop/share/robot_nano_hand_teleop/robot_nano_hand_finger1_link1.stl
/home/didine/Bureau/projet/robot_nano_hand_teleop/install/robot_nano_hand_teleop/share/robot_nano_hand_teleop/robot_nano_hand_finger1_link4.stl
/home/didine/Bureau/projet/robot_nano_hand_teleop/install/robot_nano_hand_teleop/share/robot_nano_hand_teleop/robot_nano_hand_finger1_link3.stl
/home/didine/Bureau/projet/robot_nano_hand_teleop/install/robot_nano_hand_teleop/share/robot_nano_hand_teleop/robot_nano_hand_finger1_link2.stl
/home/didine/Bureau/projet/robot_nano_hand_teleop/install/robot_nano_hand_teleop/share/robot_nano_hand_teleop/robot_nano_hand_base.stl
/home/didine/Bureau/projet/robot_nano_hand_teleop/install/robot_nano_hand_teleop/lib/python3.10/site-packages/robot_nano_hand_teleop-0.0.0-py3.10.egg-info/requires.txt
/home/didine/Bureau/projet/robot_nano_hand_teleop/install/robot_nano_hand_teleop/lib/python3.10/site-packages/robot_nano_hand_teleop-0.0.0-py3.10.egg-info/zip-safe
/home/didine/Bureau/projet/robot_nano_hand_teleop/install/robot_nano_hand_teleop/lib/python3.10/site-packages/robot_nano_hand_teleop-0.0.0-py3.10.egg-info/top_level.txt
/home/didine/Bureau/projet/robot_nano_hand_teleop/install/robot_nano_hand_teleop/lib/python3.10/site-packages/robot_nano_hand_teleop-0.0.0-py3.10.egg-info/dependency_links.txt
/home/didine/Bureau/projet/robot_nano_hand_teleop/install/robot_nano_hand_teleop/lib/python3.10/site-packages/robot_nano_hand_teleop-0.0.0-py3.10.egg-info/SOURCES.txt
/home/didine/Bureau/projet/robot_nano_hand_teleop/install/robot_nano_hand_teleop/lib/python3.10/site-packages/robot_nano_hand_teleop-0.0.0-py3.10.egg-info/PKG-INFO
/home/didine/Bureau/projet/robot_nano_hand_teleop/install/robot_nano_hand_teleop/lib/python3.10/site-packages/robot_nano_hand_teleop-0.0.0-py3.10.egg-info/entry_points.txt
/home/didine/Bureau/projet/robot_nano_hand_teleop/install/robot_nano_hand_teleop/lib/robot_nano_hand_teleop/state_publisher
