running egg_info
writing build/robot_nano_hand_teleop/robot_nano_hand_teleop.egg-info/PKG-INFO
writing dependency_links to build/robot_nano_hand_teleop/robot_nano_hand_teleop.egg-info/dependency_links.txt
writing entry points to build/robot_nano_hand_teleop/robot_nano_hand_teleop.egg-info/entry_points.txt
writing requirements to build/robot_nano_hand_teleop/robot_nano_hand_teleop.egg-info/requires.txt
writing top-level names to build/robot_nano_hand_teleop/robot_nano_hand_teleop.egg-info/top_level.txt
reading manifest file 'build/robot_nano_hand_teleop/robot_nano_hand_teleop.egg-info/SOURCES.txt'
writing manifest file 'build/robot_nano_hand_teleop/robot_nano_hand_teleop.egg-info/SOURCES.txt'
running build
running build_py
running install
/usr/lib/python3/dist-packages/setuptools/command/install.py:34: SetuptoolsDeprecationWarning: setup.py install is deprecated. Use build and pip and other standards-based tools.
  warnings.warn(
running install_lib
running install_data
running install_egg_info
removing '/home/didine/Bureau/projet/robot_nano_hand_teleop/install/robot_nano_hand_teleop/lib/python3.10/site-packages/robot_nano_hand_teleop-0.0.0-py3.10.egg-info' (and everything under it)
Copying build/robot_nano_hand_teleop/robot_nano_hand_teleop.egg-info to /home/didine/Bureau/projet/robot_nano_hand_teleop/install/robot_nano_hand_teleop/lib/python3.10/site-packages/robot_nano_hand_teleop-0.0.0-py3.10.egg-info
running install_scripts
Installing state_publisher script to /home/didine/Bureau/projet/robot_nano_hand_teleop/install/robot_nano_hand_teleop/lib/robot_nano_hand_teleop
writing list of installed files to '/home/didine/Bureau/projet/robot_nano_hand_teleop/build/robot_nano_hand_teleop/install.log'
