[0.340s] DEBUG:colcon:Command line arguments: ['/usr/bin/colcon', 'build', '--packages-select', 'robot_nano_hand_teleop']
[0.340s] DEBUG:colcon:Parsed command line arguments: Namespace(log_base=None, log_level=None, verb_name='build', build_base='build', install_base='install', merge_install=False, symlink_install=False, test_result_base=None, continue_on_error=False, executor='parallel', parallel_workers=7, event_handlers=None, ignore_user_meta=False, metas=['./colcon.meta'], base_paths=['.'], packages_ignore=None, packages_ignore_regex=None, paths=None, packages_up_to=None, packages_up_to_regex=None, packages_above=None, packages_above_and_dependencies=None, packages_above_depth=None, packages_select_by_dep=None, packages_skip_by_dep=None, packages_skip_up_to=None, packages_select_build_failed=False, packages_skip_build_finished=False, packages_select_test_failures=False, packages_skip_test_passed=False, packages_select=['robot_nano_hand_teleop'], packages_skip=None, packages_select_regex=None, packages_skip_regex=None, packages_start=None, packages_end=None, allow_overriding=[], cmake_args=None, cmake_target=None, cmake_target_skip_unavailable=False, cmake_clean_cache=False, cmake_clean_first=False, cmake_force_configure=False, ament_cmake_args=None, catkin_cmake_args=None, catkin_skip_building_tests=False, verb_parser=<colcon_defaults.argument_parser.defaults.DefaultArgumentsDecorator object at 0x7f0682992860>, verb_extension=<colcon_core.verb.build.BuildVerb object at 0x7f06831c5f00>, main=<bound method BuildVerb.main of <colcon_core.verb.build.BuildVerb object at 0x7f06831c5f00>>)
[0.384s] Level 1:colcon.colcon_core.package_discovery:discover_packages(colcon_meta) check parameters
[0.385s] Level 1:colcon.colcon_core.package_discovery:discover_packages(recursive) check parameters
[0.385s] Level 1:colcon.colcon_core.package_discovery:discover_packages(ignore) check parameters
[0.385s] Level 1:colcon.colcon_core.package_discovery:discover_packages(path) check parameters
[0.385s] Level 1:colcon.colcon_core.package_discovery:discover_packages(colcon_meta) discover
[0.385s] Level 1:colcon.colcon_core.package_discovery:discover_packages(recursive) discover
[0.385s] INFO:colcon.colcon_core.package_discovery:Crawling recursively for packages in '/home/didine/Bureau/projet/robot_nano_hand_teleop'
[0.385s] Level 1:colcon.colcon_core.package_identification:_identify(.) by extensions ['ignore', 'ignore_ament_install']
[0.385s] Level 1:colcon.colcon_core.package_identification:_identify(.) by extension 'ignore'
[0.385s] Level 1:colcon.colcon_core.package_identification:_identify(.) by extension 'ignore_ament_install'
[0.385s] Level 1:colcon.colcon_core.package_identification:_identify(.) by extensions ['colcon_pkg']
[0.385s] Level 1:colcon.colcon_core.package_identification:_identify(.) by extension 'colcon_pkg'
[0.385s] Level 1:colcon.colcon_core.package_identification:_identify(.) by extensions ['colcon_meta']
[0.385s] Level 1:colcon.colcon_core.package_identification:_identify(.) by extension 'colcon_meta'
[0.385s] Level 1:colcon.colcon_core.package_identification:_identify(.) by extensions ['ros']
[0.385s] Level 1:colcon.colcon_core.package_identification:_identify(.) by extension 'ros'
[0.401s] DEBUG:colcon.colcon_core.package_identification:Package '.' with type 'ros.ament_python' and name 'robot_nano_hand_teleop'
[0.401s] Level 1:colcon.colcon_core.package_discovery:discover_packages(recursive) using defaults
[0.402s] Level 1:colcon.colcon_core.package_discovery:discover_packages(ignore) discover
[0.402s] Level 1:colcon.colcon_core.package_discovery:discover_packages(ignore) using defaults
[0.402s] Level 1:colcon.colcon_core.package_discovery:discover_packages(path) discover
[0.402s] Level 1:colcon.colcon_core.package_discovery:discover_packages(path) using defaults
[0.427s] Level 1:colcon.colcon_core.package_discovery:discover_packages(prefix_path) check parameters
[0.427s] Level 1:colcon.colcon_core.package_discovery:discover_packages(prefix_path) discover
[0.429s] DEBUG:colcon.colcon_installed_package_information.package_discovery:Found 1 installed packages in /home/didine/Bureau/projet/robot_nano_hand_teleop/install
[0.430s] DEBUG:colcon.colcon_installed_package_information.package_discovery:Found 1 installed packages in /home/didine/workspace/ros2_ws/install
[0.432s] DEBUG:colcon.colcon_installed_package_information.package_discovery:Found 270 installed packages in /opt/ros/humble
[0.435s] Level 1:colcon.colcon_core.package_discovery:discover_packages(prefix_path) using defaults
[0.496s] Level 5:colcon.colcon_core.verb:set package 'robot_nano_hand_teleop' build argument 'cmake_args' from command line to 'None'
[0.496s] Level 5:colcon.colcon_core.verb:set package 'robot_nano_hand_teleop' build argument 'cmake_target' from command line to 'None'
[0.496s] Level 5:colcon.colcon_core.verb:set package 'robot_nano_hand_teleop' build argument 'cmake_target_skip_unavailable' from command line to 'False'
[0.496s] Level 5:colcon.colcon_core.verb:set package 'robot_nano_hand_teleop' build argument 'cmake_clean_cache' from command line to 'False'
[0.496s] Level 5:colcon.colcon_core.verb:set package 'robot_nano_hand_teleop' build argument 'cmake_clean_first' from command line to 'False'
[0.496s] Level 5:colcon.colcon_core.verb:set package 'robot_nano_hand_teleop' build argument 'cmake_force_configure' from command line to 'False'
[0.496s] Level 5:colcon.colcon_core.verb:set package 'robot_nano_hand_teleop' build argument 'ament_cmake_args' from command line to 'None'
[0.496s] Level 5:colcon.colcon_core.verb:set package 'robot_nano_hand_teleop' build argument 'catkin_cmake_args' from command line to 'None'
[0.496s] Level 5:colcon.colcon_core.verb:set package 'robot_nano_hand_teleop' build argument 'catkin_skip_building_tests' from command line to 'False'
[0.496s] DEBUG:colcon.colcon_core.verb:Building package 'robot_nano_hand_teleop' with the following arguments: {'ament_cmake_args': None, 'build_base': '/home/didine/Bureau/projet/robot_nano_hand_teleop/build/robot_nano_hand_teleop', 'catkin_cmake_args': None, 'catkin_skip_building_tests': False, 'cmake_args': None, 'cmake_clean_cache': False, 'cmake_clean_first': False, 'cmake_force_configure': False, 'cmake_target': None, 'cmake_target_skip_unavailable': False, 'install_base': '/home/didine/Bureau/projet/robot_nano_hand_teleop/install/robot_nano_hand_teleop', 'merge_install': False, 'path': '/home/didine/Bureau/projet/robot_nano_hand_teleop', 'symlink_install': False, 'test_result_base': None}
[0.497s] INFO:colcon.colcon_core.executor:Executing jobs using 'parallel' executor
[0.500s] DEBUG:colcon.colcon_parallel_executor.executor.parallel:run_until_complete
[0.501s] INFO:colcon.colcon_ros.task.ament_python.build:Building ROS package in '/home/didine/Bureau/projet/robot_nano_hand_teleop' with build type 'ament_python'
[0.501s] Level 1:colcon.colcon_core.shell:create_environment_hook('robot_nano_hand_teleop', 'ament_prefix_path')
[0.506s] INFO:colcon.colcon_core.plugin_system:Skipping extension 'colcon_core.shell.bat': Not used on non-Windows systems
[0.506s] INFO:colcon.colcon_core.shell:Creating environment hook '/home/didine/Bureau/projet/robot_nano_hand_teleop/install/robot_nano_hand_teleop/share/robot_nano_hand_teleop/hook/ament_prefix_path.ps1'
[0.507s] INFO:colcon.colcon_core.shell:Creating environment descriptor '/home/didine/Bureau/projet/robot_nano_hand_teleop/install/robot_nano_hand_teleop/share/robot_nano_hand_teleop/hook/ament_prefix_path.dsv'
[0.508s] INFO:colcon.colcon_core.shell:Creating environment hook '/home/didine/Bureau/projet/robot_nano_hand_teleop/install/robot_nano_hand_teleop/share/robot_nano_hand_teleop/hook/ament_prefix_path.sh'
[0.510s] INFO:colcon.colcon_core.shell:Skip shell extension 'powershell' for command environment: Not usable outside of PowerShell
[0.510s] DEBUG:colcon.colcon_core.shell:Skip shell extension 'dsv' for command environment
[0.773s] INFO:colcon.colcon_core.task.python.build:Building Python package in '/home/didine/Bureau/projet/robot_nano_hand_teleop'
[0.774s] INFO:colcon.colcon_core.shell:Skip shell extension 'powershell' for command environment: Not usable outside of PowerShell
[0.775s] DEBUG:colcon.colcon_core.shell:Skip shell extension 'dsv' for command environment
[1.144s] DEBUG:colcon.colcon_core.event_handler.log_command:Invoking command in '/home/didine/Bureau/projet/robot_nano_hand_teleop': PYTHONPATH=/home/didine/Bureau/projet/robot_nano_hand_teleop/build/robot_nano_hand_teleop/prefix_override:/home/didine/Bureau/projet/robot_nano_hand_teleop/install/robot_nano_hand_teleop/lib/python3.10/site-packages:${PYTHONPATH} /usr/bin/python3 setup.py egg_info --egg-base build/robot_nano_hand_teleop build --build-base /home/didine/Bureau/projet/robot_nano_hand_teleop/build/robot_nano_hand_teleop/build install --record /home/didine/Bureau/projet/robot_nano_hand_teleop/build/robot_nano_hand_teleop/install.log --single-version-externally-managed
[1.459s] Level 1:colcon.colcon_core.environment:checking '/home/didine/Bureau/projet/robot_nano_hand_teleop/install/robot_nano_hand_teleop' for CMake module files
[1.460s] Level 1:colcon.colcon_core.environment:checking '/home/didine/Bureau/projet/robot_nano_hand_teleop/install/robot_nano_hand_teleop' for CMake config files
[1.461s] DEBUG:colcon.colcon_core.event_handler.log_command:Invoked command in '/home/didine/Bureau/projet/robot_nano_hand_teleop' returned '0': PYTHONPATH=/home/didine/Bureau/projet/robot_nano_hand_teleop/build/robot_nano_hand_teleop/prefix_override:/home/didine/Bureau/projet/robot_nano_hand_teleop/install/robot_nano_hand_teleop/lib/python3.10/site-packages:${PYTHONPATH} /usr/bin/python3 setup.py egg_info --egg-base build/robot_nano_hand_teleop build --build-base /home/didine/Bureau/projet/robot_nano_hand_teleop/build/robot_nano_hand_teleop/build install --record /home/didine/Bureau/projet/robot_nano_hand_teleop/build/robot_nano_hand_teleop/install.log --single-version-externally-managed
[1.462s] Level 1:colcon.colcon_core.environment:checking '/home/didine/Bureau/projet/robot_nano_hand_teleop/install/robot_nano_hand_teleop/lib'
[1.462s] Level 1:colcon.colcon_core.environment:checking '/home/didine/Bureau/projet/robot_nano_hand_teleop/install/robot_nano_hand_teleop/bin'
[1.462s] Level 1:colcon.colcon_core.environment:checking '/home/didine/Bureau/projet/robot_nano_hand_teleop/install/robot_nano_hand_teleop/lib/pkgconfig/robot_nano_hand_teleop.pc'
[1.462s] Level 1:colcon.colcon_core.environment:checking '/home/didine/Bureau/projet/robot_nano_hand_teleop/install/robot_nano_hand_teleop/lib/python3.10/site-packages'
[1.462s] Level 1:colcon.colcon_core.shell:create_environment_hook('robot_nano_hand_teleop', 'pythonpath')
[1.464s] INFO:colcon.colcon_core.shell:Creating environment hook '/home/didine/Bureau/projet/robot_nano_hand_teleop/install/robot_nano_hand_teleop/share/robot_nano_hand_teleop/hook/pythonpath.ps1'
[1.464s] INFO:colcon.colcon_core.shell:Creating environment descriptor '/home/didine/Bureau/projet/robot_nano_hand_teleop/install/robot_nano_hand_teleop/share/robot_nano_hand_teleop/hook/pythonpath.dsv'
[1.465s] INFO:colcon.colcon_core.shell:Creating environment hook '/home/didine/Bureau/projet/robot_nano_hand_teleop/install/robot_nano_hand_teleop/share/robot_nano_hand_teleop/hook/pythonpath.sh'
[1.466s] Level 1:colcon.colcon_core.environment:checking '/home/didine/Bureau/projet/robot_nano_hand_teleop/install/robot_nano_hand_teleop/bin'
[1.466s] Level 1:colcon.colcon_core.environment:create_environment_scripts_only(robot_nano_hand_teleop)
[1.467s] INFO:colcon.colcon_core.shell:Creating package script '/home/didine/Bureau/projet/robot_nano_hand_teleop/install/robot_nano_hand_teleop/share/robot_nano_hand_teleop/package.ps1'
[1.468s] INFO:colcon.colcon_core.shell:Creating package descriptor '/home/didine/Bureau/projet/robot_nano_hand_teleop/install/robot_nano_hand_teleop/share/robot_nano_hand_teleop/package.dsv'
[1.469s] INFO:colcon.colcon_core.shell:Creating package script '/home/didine/Bureau/projet/robot_nano_hand_teleop/install/robot_nano_hand_teleop/share/robot_nano_hand_teleop/package.sh'
[1.470s] INFO:colcon.colcon_core.shell:Creating package script '/home/didine/Bureau/projet/robot_nano_hand_teleop/install/robot_nano_hand_teleop/share/robot_nano_hand_teleop/package.bash'
[1.471s] INFO:colcon.colcon_core.shell:Creating package script '/home/didine/Bureau/projet/robot_nano_hand_teleop/install/robot_nano_hand_teleop/share/robot_nano_hand_teleop/package.zsh'
[1.472s] Level 1:colcon.colcon_core.environment:create_file_with_runtime_dependencies(/home/didine/Bureau/projet/robot_nano_hand_teleop/install/robot_nano_hand_teleop/share/colcon-core/packages/robot_nano_hand_teleop)
[1.474s] DEBUG:colcon.colcon_parallel_executor.executor.parallel:closing loop
[1.474s] DEBUG:colcon.colcon_parallel_executor.executor.parallel:loop closed
[1.474s] DEBUG:colcon.colcon_parallel_executor.executor.parallel:run_until_complete finished with '0'
[1.474s] DEBUG:colcon.colcon_core.event_reactor:joining thread
[1.480s] INFO:colcon.colcon_core.plugin_system:Skipping extension 'colcon_notification.desktop_notification.terminal_notifier': Not used on non-Darwin systems
[1.481s] INFO:colcon.colcon_core.plugin_system:Skipping extension 'colcon_notification.desktop_notification.win32': Not used on non-Windows systems
[1.481s] INFO:colcon.colcon_notification.desktop_notification:Sending desktop notification using 'notify2'
[1.497s] DEBUG:colcon.colcon_core.event_reactor:joined thread
[1.498s] INFO:colcon.colcon_core.shell:Creating prefix script '/home/didine/Bureau/projet/robot_nano_hand_teleop/install/local_setup.ps1'
[1.500s] INFO:colcon.colcon_core.shell:Creating prefix util module '/home/didine/Bureau/projet/robot_nano_hand_teleop/install/_local_setup_util_ps1.py'
[1.501s] INFO:colcon.colcon_core.shell:Creating prefix chain script '/home/didine/Bureau/projet/robot_nano_hand_teleop/install/setup.ps1'
[1.503s] INFO:colcon.colcon_core.shell:Creating prefix script '/home/didine/Bureau/projet/robot_nano_hand_teleop/install/local_setup.sh'
[1.504s] INFO:colcon.colcon_core.shell:Creating prefix util module '/home/didine/Bureau/projet/robot_nano_hand_teleop/install/_local_setup_util_sh.py'
[1.505s] INFO:colcon.colcon_core.shell:Creating prefix chain script '/home/didine/Bureau/projet/robot_nano_hand_teleop/install/setup.sh'
[1.506s] INFO:colcon.colcon_core.shell:Creating prefix script '/home/didine/Bureau/projet/robot_nano_hand_teleop/install/local_setup.bash'
[1.507s] INFO:colcon.colcon_core.shell:Creating prefix chain script '/home/didine/Bureau/projet/robot_nano_hand_teleop/install/setup.bash'
[1.508s] INFO:colcon.colcon_core.shell:Creating prefix script '/home/didine/Bureau/projet/robot_nano_hand_teleop/install/local_setup.zsh'
[1.509s] INFO:colcon.colcon_core.shell:Creating prefix chain script '/home/didine/Bureau/projet/robot_nano_hand_teleop/install/setup.zsh'
